Wed, 20 Jul 2022 11:05:06 GMT, /api/order/6, 401, 7.106 ms, -, {}
Wed, 20 Jul 2022 11:06:42 GMT, /api/order/6, 401, 3.093 ms, -, {}
Wed, 20 Jul 2022 12:06:30 GMT, /api/order/6, 401, 1.974 ms, -, {}
Wed, 20 Jul 2022 12:13:17 GMT, /api/docs/, 200, 4.587 ms, -, {}
Wed, 20 Jul 2022 12:13:17 GMT, /api/docs/swagger-ui-init.js, 200, 4.805 ms, -, {}
Wed, 20 Jul 2022 12:13:17 GMT, /api/docs/swagger-ui.css, 200, 7.935 ms, -, {}
Wed, 20 Jul 2022 12:13:17 GMT, /api/docs/swagger-ui-standalone-preset.js, 200, 7.471 ms, -, {}
Wed, 20 Jul 2022 12:13:17 GMT, /api/docs/swagger-ui-bundle.js, 200, 6.207 ms, -, {}
Wed, 20 Jul 2022 12:13:17 GMT, /api/docs/swagger.json, 200, 1.943 ms, -, {}
Wed, 20 Jul 2022 12:13:17 GMT, /api/docs/favicon-32x32.png, 200, 1.713 ms, -, {}
Wed, 20 Jul 2022 12:13:27 GMT, /api/user/userInfo, 401, 2.235 ms, -, {}
Wed, 20 Jul 2022 13:24:24 GMT, /api/order/6, 401, 15.830 ms, -, {}
Wed, 20 Jul 2022 13:39:38 GMT, /api/order/6, 401, 10.952 ms, -, {}
Wed, 20 Jul 2022 13:41:20 GMT, /api/order/6, 401, 3.436 ms, -, {}
Wed, 20 Jul 2022 13:52:39 GMT, /api/order/6, 401, 9.873 ms, -, {}
Wed, 20 Jul 2022 13:53:33 GMT, /api/order/6, 401, 9.830 ms, -, {}
Wed, 20 Jul 2022 13:53:54 GMT, /api/order/6, 401, 5.057 ms, -, {}
Wed, 20 Jul 2022 13:55:00 GMT, /api/order/6, 401, 3.269 ms, -, {}
Wed, 20 Jul 2022 13:56:31 GMT, /api/order/6, 401, 3.769 ms, -, {}
Wed, 20 Jul 2022 14:00:37 GMT, /api/order/6, 401, 11.991 ms, -, {}
Wed, 20 Jul 2022 14:01:10 GMT, /api/order/6, 401, 16.024 ms, -, {}
Wed, 20 Jul 2022 14:02:21 GMT, /api/order/6, 401, 4.790 ms, -, {}
Wed, 20 Jul 2022 14:02:39 GMT, /api/order/6, 401, 4.305 ms, -, {}
Wed, 20 Jul 2022 14:10:29 GMT, /api/order/6, 401, 15.457 ms, -, {}
Wed, 20 Jul 2022 14:12:16 GMT, /api/order/6, 401, 4.415 ms, -, {}
Wed, 20 Jul 2022 14:21:37 GMT, /api/order/6, 401, 11.429 ms, -, {}
